<?xml version="1.0" encoding="UTF-8"?>
<!-- Generated by org.testng.reporters.JUnitXMLReporter -->
<testsuite hostname="AWLIN-DT-11410" name="Default test" tests="3" failures="0" timestamp="21 Apr 2021 06:40:16 GMT" time="0.039" errors="0">
  <testcase name="test" time="0.0" classname="TestNGParameters.DemoOne">
    <skipped/>
  </testcase> <!-- test -->
  <testcase name="testone" time="0.0" classname="TestNGParameters.DemoOne">
    <skipped/>
  </testcase> <!-- testone -->
  <testcase name="testtwo" time="0.006" classname="TestNGParameters.DemoOne"/>
</testsuite> <!-- Default test -->
