<?xml version="1.0" encoding="UTF-8"?>
<testng-results skipped="0" failed="0" total="1" passed="1">
  <reporter-output>
  </reporter-output>
  <suite name="Default suite" duration-ms="399" started-at="2021-04-08T09:24:18Z" finished-at="2021-04-08T09:24:18Z">
    <groups>
    </groups>
    <test name="Default test" duration-ms="399" started-at="2021-04-08T09:24:18Z" finished-at="2021-04-08T09:24:18Z">
      <class name="pratic.AlertMessages">
        <test-method status="PASS" signature="beforeSuite()[pri:0, instance:pratic.AlertMessages@e25b2fe]" name="beforeSuite" is-config="true" duration-ms="31769" started-at="2021-04-08T14:53:46Z" finished-at="2021-04-08T14:54:18Z">
          <reporter-output>
          </reporter-output>
        </test-method> <!-- beforeSuite -->
        <test-method status="PASS" signature="Alertmsg()[pri:0, instance:pratic.AlertMessages@e25b2fe]" name="Alertmsg" duration-ms="396" started-at="2021-04-08T14:54:18Z" finished-at="2021-04-08T14:54:18Z">
          <reporter-output>
          </reporter-output>
        </test-method> <!-- Alertmsg -->
        <test-method status="PASS" signature="afterSuite()[pri:0, instance:pratic.AlertMessages@e25b2fe]" name="afterSuite" is-config="true" duration-ms="2572" started-at="2021-04-08T14:54:18Z" finished-at="2021-04-08T14:54:21Z">
          <reporter-output>
          </reporter-output>
        </test-method> <!-- afterSuite -->
      </class> <!-- pratic.AlertMessages -->
    </test> <!-- Default test -->
  </suite> <!-- Default suite -->
</testng-results>
